method = sample (Default)
  sample
    num_samples = 500
    num_warmup = 300
    save_warmup = 0 (Default)
    thin = 1 (Default)
    adapt
      engaged = 1 (Default)
      gamma = 0.050000000000000003 (Default)
      delta = 0.80000000000000004 (Default)
      kappa = 0.75 (Default)
      t0 = 10 (Default)
      init_buffer = 75 (Default)
      term_buffer = 50 (Default)
      window = 25 (Default)
    algorithm = hmc (Default)
      hmc
        engine = nuts (Default)
          nuts
            max_depth = 10 (Default)
        metric = diag_e (Default)
        metric_file =  (Default)
        stepsize = 1 (Default)
        stepsize_jitter = 0 (Default)
id = 0 (Default)
data
  file = datafiles/MZ_data.Rdump
init = 2 (Default)
random
  seed = 1940545637 (Default)
output
  file = save_csv/shm_FM_4.csv
  diagnostic_file =  (Default)
  refresh = 100 (Default)
  sig_figs = -1 (Default)
  profile_file = profile.csv (Default)
mpi_enabled = 1

method = sample (Default)
  sample
    num_samples = 500
    num_warmup = 300
    save_warmup = 0 (Default)
    thin = 1 (Default)
    adapt
      engaged = 1 (Default)
      gamma = 0.050000000000000003 (Default)
      delta = 0.80000000000000004 (Default)
      kappa = 0.75 (Default)
      t0 = 10 (Default)
      init_buffer = 75 (Default)
      term_buffer = 50 (Default)
      window = 25 (Default)
    algorithm = hmc (Default)
      hmc
        engine = nuts (Default)
          nuts
            max_depth = 10 (Default)
        metric = diag_e (Default)
        metric_file =  (Default)
        stepsize = 1 (Default)
        stepsize_jitter = 0 (Default)
id = 0 (Default)
data
  file = datafiles/MZ_data.Rdump
init = 2 (Default)
random
  seed = 1940545638 (Default)
output
  file = save_csv/shm_FM_1.csv
  diagnostic_file =  (Default)
  refresh = 100 (Default)
  sig_figs = -1 (Default)
  profile_file = profile.csv (Default)
mpi_enabled = 1

method = sample (Default)
  sample
    num_samples = 500
    num_warmup = 300
    save_warmup = 0 (Default)
    thin = 1 (Default)
    adapt
      engaged = 1 (Default)
      gamma = 0.050000000000000003 (Default)
      delta = 0.80000000000000004 (Default)
      kappa = 0.75 (Default)
      t0 = 10 (Default)
      init_buffer = 75 (Default)
      term_buffer = 50 (Default)
      window = 25 (Default)
    algorithm = hmc (Default)
      hmc
        engine = nuts (Default)
          nuts
            max_depth = 10 (Default)
        metric = diag_e (Default)
        metric_file =  (Default)
        stepsize = 1 (Default)
        stepsize_jitter = 0 (Default)
id = 0 (Default)
data
  file = datafiles/MZ_data.Rdump
init = 2 (Default)
random
  seed = 1940545642 (Default)
output
  file = save_csv/shm_FM_3.csv
  diagnostic_file =  (Default)
  refresh = 100 (Default)
  sig_figs = -1 (Default)
  profile_file = profile.csv (Default)
mpi_enabled = 1

method = sample (Default)
  sample
    num_samples = 500
    num_warmup = 300
    save_warmup = 0 (Default)
    thin = 1 (Default)
    adapt
      engaged = 1 (Default)
      gamma = 0.050000000000000003 (Default)
      delta = 0.80000000000000004 (Default)
      kappa = 0.75 (Default)
      t0 = 10 (Default)
      init_buffer = 75 (Default)
      term_buffer = 50 (Default)
      window = 25 (Default)
    algorithm = hmc (Default)
      hmc
        engine = nuts (Default)
          nuts
            max_depth = 10 (Default)
        metric = diag_e (Default)
        metric_file =  (Default)
        stepsize = 1 (Default)
        stepsize_jitter = 0 (Default)
id = 0 (Default)
data
  file = datafiles/MZ_data.Rdump
init = 2 (Default)
random
  seed = 1940545644 (Default)
output
  file = save_csv/shm_FM_2.csv
  diagnostic_file =  (Default)
  refresh = 100 (Default)
  sig_figs = -1 (Default)
  profile_file = profile.csv (Default)
mpi_enabled = 1

Rejecting initial value:
  Error evaluating the log probability at the initial value.
Exception: normal_lpdf: Location parameter[1] is -nan, but must be finite! (in 'MZ_New_dynamics/stan_models/ki67_SHM_FM.stan', line 313, column 2 to column 53)
Rejecting initial value:
  Error evaluating the log probability at the initial value.
Exception: normal_lpdf: Location parameter[1] is -nan, but must be finite! (in 'MZ_New_dynamics/stan_models/ki67_SHM_FM.stan', line 313, column 2 to column 53)
Rejecting initial value:
  Error evaluating the log probability at the initial value.
Exception: normal_lpdf: Location parameter[1] is -nan, but must be finite! (in 'MZ_New_dynamics/stan_models/ki67_SHM_FM.stan', line 313, column 2 to column 53)
Rejecting initial value:
  Error evaluating the log probability at the initial value.
Exception: normal_lpdf: Location parameter[1] is -nan, but must be finite! (in 'MZ_New_dynamics/stan_models/ki67_SHM_FM.stan', line 313, column 2 to column 53)
Rejecting initial value:
  Error evaluating the log probability at the initial value.
Exception: normal_lpdf: Location parameter[1] is -nan, but must be finite! (in 'MZ_New_dynamics/stan_models/ki67_SHM_FM.stan', line 313, column 2 to column 53)
Rejecting initial value:
  Error evaluating the log probability at the initial value.
Exception: normal_lpdf: Location parameter[1] is -nan, but must be finite! (in 'MZ_New_dynamics/stan_models/ki67_SHM_FM.stan', line 313, column 2 to column 53)
Rejecting initial value:
  Error evaluating the log probability at the initial value.
Exception: normal_lpdf: Location parameter[1] is -nan, but must be finite! (in 'MZ_New_dynamics/stan_models/ki67_SHM_FM.stan', line 313, column 2 to column 53)
Rejecting initial value:
  Error evaluating the log probability at the initial value.
Exception: normal_lpdf: Location parameter[1] is -nan, but must be finite! (in 'MZ_New_dynamics/stan_models/ki67_SHM_FM.stan', line 313, column 2 to column 53)

Gradient evaluation took 0.265022 seconds
1000 transitions using 10 leapfrog steps per transition would take 2650.22 seconds.
Adjust your expectations accordingly!



Gradient evaluation took 0.326602 seconds
1000 transitions using 10 leapfrog steps per transition would take 3266.02 seconds.
Adjust your expectations accordingly!



Gradient evaluation took 0.396079 seconds
1000 transitions using 10 leapfrog steps per transition would take 3960.79 seconds.
Adjust your expectations accordingly!



Gradient evaluation took 0.493546 seconds
1000 transitions using 10 leapfrog steps per transition would take 4935.46 seconds.
Adjust your expectations accordingly!


Iteration:   1 / 800 [  0%]  (Warmup)
Iteration:   1 / 800 [  0%]  (Warmup)
Iteration:   1 / 800 [  0%]  (Warmup)
Iteration:   1 / 800 [  0%]  (Warmup)
