method = sample (Default)
  sample
    num_samples = 500
    num_warmup = 300
    save_warmup = 0 (Default)
    thin = 1 (Default)
    adapt
      engaged = 1 (Default)
      gamma = 0.050000000000000003 (Default)
      delta = 0.80000000000000004 (Default)
      kappa = 0.75 (Default)
      t0 = 10 (Default)
      init_buffer = 75 (Default)
      term_buffer = 50 (Default)
      window = 25 (Default)
    algorithm = hmc (Default)
      hmc
        engine = nuts (Default)
          nuts
            max_depth = 10 (Default)
        metric = diag_e (Default)
        metric_file =  (Default)
        stepsize = 1 (Default)
        stepsize_jitter = 0 (Default)
id = 0 (Default)
data
  file = datafiles/MZ_data.Rdump
init = 2 (Default)
random
  seed = 1940925210 (Default)
output
  file = save_csv/shm_T2MZP_1.csv
  diagnostic_file =  (Default)
  refresh = 100 (Default)
  sig_figs = -1 (Default)
  profile_file = profile.csv (Default)
mpi_enabled = 1

method = sample (Default)
  sample
    num_samples = 500
    num_warmup = 300
    save_warmup = 0 (Default)
    thin = 1 (Default)
    adapt
      engaged = 1 (Default)
      gamma = 0.050000000000000003 (Default)
      delta = 0.80000000000000004 (Default)
      kappa = 0.75 (Default)
      t0 = 10 (Default)
      init_buffer = 75 (Default)
      term_buffer = 50 (Default)
      window = 25 (Default)
    algorithm = hmc (Default)
      hmc
        engine = nuts (Default)
          nuts
            max_depth = 10 (Default)
        metric = diag_e (Default)
        metric_file =  (Default)
        stepsize = 1 (Default)
        stepsize_jitter = 0 (Default)
id = 0 (Default)
data
  file = datafiles/MZ_data.Rdump
init = 2 (Default)
random
  seed = 1940925213 (Default)
output
  file = save_csv/shm_T2MZP_2.csv
  diagnostic_file =  (Default)
  refresh = 100 (Default)
  sig_figs = -1 (Default)
  profile_file = profile.csv (Default)
mpi_enabled = 1

method = sample (Default)
  sample
    num_samples = 500
    num_warmup = 300
    save_warmup = 0 (Default)
    thin = 1 (Default)
    adapt
      engaged = 1 (Default)
      gamma = 0.050000000000000003 (Default)
      delta = 0.80000000000000004 (Default)
      kappa = 0.75 (Default)
      t0 = 10 (Default)
      init_buffer = 75 (Default)
      term_buffer = 50 (Default)
      window = 25 (Default)
    algorithm = hmc (Default)
      hmc
        engine = nuts (Default)
          nuts
            max_depth = 10 (Default)
        metric = diag_e (Default)
        metric_file =  (Default)
        stepsize = 1 (Default)
        stepsize_jitter = 0 (Default)
id = 0 (Default)
data
  file = datafiles/MZ_data.Rdump
init = 2 (Default)
random
  seed = 1940925220 (Default)
output
  file = save_csv/shm_T2MZP_3.csv
  diagnostic_file =  (Default)
  refresh = 100 (Default)
  sig_figs = -1 (Default)
  profile_file = profile.csv (Default)
mpi_enabled = 1

method = sample (Default)
  sample
    num_samples = 500
    num_warmup = 300
    save_warmup = 0 (Default)
    thin = 1 (Default)
    adapt
      engaged = 1 (Default)
      gamma = 0.050000000000000003 (Default)
      delta = 0.80000000000000004 (Default)
      kappa = 0.75 (Default)
      t0 = 10 (Default)
      init_buffer = 75 (Default)
      term_buffer = 50 (Default)
      window = 25 (Default)
    algorithm = hmc (Default)
      hmc
        engine = nuts (Default)
          nuts
            max_depth = 10 (Default)
        metric = diag_e (Default)
        metric_file =  (Default)
        stepsize = 1 (Default)
        stepsize_jitter = 0 (Default)
id = 0 (Default)
data
  file = datafiles/MZ_data.Rdump
init = 2 (Default)
random
  seed = 1940925222 (Default)
output
  file = save_csv/shm_T2MZP_4.csv
  diagnostic_file =  (Default)
  refresh = 100 (Default)
  sig_figs = -1 (Default)
  profile_file = profile.csv (Default)
mpi_enabled = 1


Gradient evaluation took 0.147929 seconds
1000 transitions using 10 leapfrog steps per transition would take 1479.29 seconds.
Adjust your expectations accordingly!



Gradient evaluation took 0.652015 seconds
1000 transitions using 10 leapfrog steps per transition would take 6520.15 seconds.
Adjust your expectations accordingly!



Gradient evaluation took 0.7072 seconds
1000 transitions using 10 leapfrog steps per transition would take 7072 seconds.
Adjust your expectations accordingly!



Gradient evaluation took 0.727124 seconds
1000 transitions using 10 leapfrog steps per transition would take 7271.24 seconds.
Adjust your expectations accordingly!


Iteration:   1 / 800 [  0%]  (Warmup)
Iteration:   1 / 800 [  0%]  (Warmup)
Iteration:   1 / 800 [  0%]  (Warmup)
Iteration:   1 / 800 [  0%]  (Warmup)
